Performing C SOURCE FILE Test CMAKE_HAVE_LIBC_PTHREAD failed with the following output:
Change Dir: /mnt/hdd/CLionProjects/Dgst-dsxexample/cmake-build-debug/CMakeFiles/CMakeTmp

Run Build Command(s):/usr/bin/make cmTC_c462d/fast && /usr/bin/make -f CMakeFiles/cmTC_c462d.dir/build.make CMakeFiles/cmTC_c462d.dir/build
make[1]: Entering directory '/mnt/hdd/CLionProjects/Dgst-dsxexample/cmake-build-debug/CMakeFiles/CMakeTmp'
Building C object CMakeFiles/cmTC_c462d.dir/src.c.o
/usr/bin/cc   -fPIC -DCMAKE_HAVE_LIBC_PTHREAD   -o CMakeFiles/cmTC_c462d.dir/src.c.o   -c /mnt/hdd/CLionProjects/Dgst-dsxexample/cmake-build-debug/CMakeFiles/CMakeTmp/src.c
Linking C executable cmTC_c462d
/home/d/Downloads/clion-2019.3.6/bin/cmake/linux/bin/cmake -E cmake_link_script CMakeFiles/cmTC_c462d.dir/link.txt --verbose=1
/usr/bin/cc -fPIC -DCMAKE_HAVE_LIBC_PTHREAD    CMakeFiles/cmTC_c462d.dir/src.c.o  -o cmTC_c462d 
CMakeFiles/cmTC_c462d.dir/src.c.o: In function `main':
src.c:(.text+0x3e): undefined reference to `pthread_create'
src.c:(.text+0x4a): undefined reference to `pthread_detach'
src.c:(.text+0x5b): undefined reference to `pthread_join'
src.c:(.text+0x6f): undefined reference to `pthread_atfork'
collect2: error: ld returned 1 exit status
CMakeFiles/cmTC_c462d.dir/build.make:86: recipe for target 'cmTC_c462d' failed
make[1]: *** [cmTC_c462d] Error 1
make[1]: Leaving directory '/mnt/hdd/CLionProjects/Dgst-dsxexample/cmake-build-debug/CMakeFiles/CMakeTmp'
Makefile:121: recipe for target 'cmTC_c462d/fast' failed
make: *** [cmTC_c462d/fast] Error 2


Source file was:
#include <pthread.h>

void* test_func(void* data)
{
  return data;
}

int main(void)
{
  pthread_t thread;
  pthread_create(&thread, NULL, test_func, NULL);
  pthread_detach(thread);
  pthread_join(thread, NULL);
  pthread_atfork(NULL, NULL, NULL);
  pthread_exit(NULL);

  return 0;
}

Determining if the function pthread_create exists in the pthreads failed with the following output:
Change Dir: /mnt/hdd/CLionProjects/Dgst-dsxexample/cmake-build-debug/CMakeFiles/CMakeTmp

Run Build Command(s):/usr/bin/make cmTC_f9a2d/fast && /usr/bin/make -f CMakeFiles/cmTC_f9a2d.dir/build.make CMakeFiles/cmTC_f9a2d.dir/build
make[1]: Entering directory '/mnt/hdd/CLionProjects/Dgst-dsxexample/cmake-build-debug/CMakeFiles/CMakeTmp'
Building C object CMakeFiles/cmTC_f9a2d.dir/CheckFunctionExists.c.o
/usr/bin/cc   -fPIC -DCHECK_FUNCTION_EXISTS=pthread_create   -o CMakeFiles/cmTC_f9a2d.dir/CheckFunctionExists.c.o   -c /home/d/Downloads/clion-2019.3.6/bin/cmake/linux/share/cmake-3.15/Modules/CheckFunctionExists.c
Linking C executable cmTC_f9a2d
/home/d/Downloads/clion-2019.3.6/bin/cmake/linux/bin/cmake -E cmake_link_script CMakeFiles/cmTC_f9a2d.dir/link.txt --verbose=1
/usr/bin/cc -fPIC -DCHECK_FUNCTION_EXISTS=pthread_create    CMakeFiles/cmTC_f9a2d.dir/CheckFunctionExists.c.o  -o cmTC_f9a2d -lpthreads 
/usr/bin/ld: cannot find -lpthreads
collect2: error: ld returned 1 exit status
CMakeFiles/cmTC_f9a2d.dir/build.make:86: recipe for target 'cmTC_f9a2d' failed
make[1]: *** [cmTC_f9a2d] Error 1
make[1]: Leaving directory '/mnt/hdd/CLionProjects/Dgst-dsxexample/cmake-build-debug/CMakeFiles/CMakeTmp'
Makefile:121: recipe for target 'cmTC_f9a2d/fast' failed
make: *** [cmTC_f9a2d/fast] Error 2



